<?xml version="1.0" encoding="UTF-8"?>
<!-- Generated by org.testng.reporters.JUnitXMLReporter -->
<testsuite ignored="2" hostname="user" failures="0" tests="1" name="Nopackage1" time="26.971" errors="0" timestamp="2022-05-28T22:01:33 IST">
  <testcase classname="testcases.OrangeHRM_TestCase" name="init" time="26.915"/>
  <testcase classname="utility.TestBase" name="@BeforeSuite initialize" time="0.0">
    <ignored/>
  </testcase> <!-- @BeforeSuite initialize -->
  <testcase classname="utility.TestBase" name="@AfterSuite tearDownTest" time="0.0">
    <ignored/>
  </testcase> <!-- @AfterSuite tearDownTest -->
</testsuite> <!-- Nopackage1 -->
