<?xml version="1.0" encoding="UTF-8"?>
<testng-results ignored="2" total="3" passed="1" failed="0" skipped="0">
  <reporter-output>
  </reporter-output>
  <suite started-at="2022-05-28T22:01:06 IST" name="Suite1" finished-at="2022-05-28T22:01:33 IST" duration-ms="26971">
    <groups>
    </groups>
    <test started-at="2022-05-28T22:01:06 IST" name="Nopackage1" finished-at="2022-05-28T22:01:33 IST" duration-ms="26971">
      <class name="testcases.OrangeHRM_TestCase">
        <test-method signature="init()[pri:0, instance:testcases.OrangeHRM_TestCase@7bd4937b]" started-at="2022-05-28T22:01:06 IST" name="init" finished-at="2022-05-28T22:01:33 IST" duration-ms="26915" status="PASS">
          <reporter-output>
          </reporter-output>
        </test-method> <!-- init -->
      </class> <!-- testcases.OrangeHRM_TestCase -->
      <class name="utility.TestBase">
        <test-method is-config="true" signature="initialize()[pri:0, instance:utility.TestBase@2c35e847]" started-at="2022-05-28T22:00:52 IST" name="initialize" finished-at="2022-05-28T22:01:06 IST" duration-ms="13929" status="PASS">
          <reporter-output>
          </reporter-output>
        </test-method> <!-- initialize -->
        <test-method is-config="true" signature="tearDownTest()[pri:0, instance:utility.TestBase@2c35e847]" started-at="2022-05-28T22:01:33 IST" name="tearDownTest" finished-at="2022-05-28T22:01:33 IST" duration-ms="201" status="PASS">
          <reporter-output>
          </reporter-output>
        </test-method> <!-- tearDownTest -->
      </class> <!-- utility.TestBase -->
    </test> <!-- Nopackage1 -->
  </suite> <!-- Suite1 -->
</testng-results>
